#
# A fatal error has been detected by the Java Runtime Environment:
#
#  EXCEPTION_ACCESS_VIOLATION (0xc0000005) at pc=0x608a49bd, pid=5188, tid=204
#
# JRE version: 7.0_06-b24
# Java VM: Java HotSpot(TM) Client VM (23.2-b09 mixed mode windows-x86 )
# Problematic frame:
# V  [jvm.dll+0x1749bd]
#
# Failed to write core dump. Minidumps are not enabled by default on client versions of Windows
#
# If you would like to submit a bug report, please visit:
#   http://bugreport.sun.com/bugreport/crash.jsp
#

---------------  T H R E A D  ---------------

Current thread (0x00c97c00):  VMThread [stack: 0x01ae0000,0x01b30000] [id=204]

siginfo: ExceptionCode=0xc0000005, reading address 0x0000006a

Registers:
EAX=0x0bcd1df8, EBX=0x00000003, ECX=0x13d21f28, EDX=0x00000006
ESP=0x01b2f608, EBP=0x01b2f620, ESI=0x00000000, EDI=0x0bcd5cc8
EIP=0x608a49bd, EFLAGS=0x00010206

Top of Stack: (sp=0x01b2f608)
0x01b2f608:   0bcd1df8 60a2a5c8 092117c8 00d9f400
0x01b2f618:   01b2f62c 608a4dfb 01b2f62c 608a4e01
0x01b2f628:   60a2a5c8 01b2f640 607a5126 00000003
0x01b2f638:   60a2a5c8 00d9f400 01b2f65c 607a1544
0x01b2f648:   60a2a5c8 00000000 60a2a5c8 60a2a5c8
0x01b2f658:   00d9f400 01b2f69c 6079b57f 01000001
0x01b2f668:   00000001 00000002 60a2a5c8 01b2f688
0x01b2f678:   60a2a5c8 00000001 00d9f400 6085c200 

Instructions: (pc=0x608a49bd)
0x608a499d:   04 a5 a2 60 a3 00 a5 a2 60 8b c7 eb 09 48 a3 00
0x608a49ad:   a5 a2 60 8b 04 81 8b 48 04 8b 51 08 83 c1 08 50
0x608a49bd:   8b 42 64 ff d0 8b 0d 0c a5 a2 60 85 c9 0f 85 50
0x608a49cd:   ff ff ff a1 78 a5 a2 60 85 c0 0f 84 bb 00 00 00 


Register to memory mapping:

EAX=
[error occurred during error reporting (printing register info), id 0xc0000005]

Stack: [0x01ae0000,0x01b30000],  sp=0x01b2f608,  free space=317k
Native frames: (J=compiled Java code, j=interpreted, Vv=VM code, C=native code)
V  [jvm.dll+0x1749bd]
V  [jvm.dll+0x174e01]
V  [jvm.dll+0x75126]
V  [jvm.dll+0x71544]
V  [jvm.dll+0x6b57f]
V  [jvm.dll+0x6d44f]
V  [jvm.dll+0x6d8b0]
V  [jvm.dll+0x6c417]
V  [jvm.dll+0x73c03]
V  [jvm.dll+0x6afc2]
V  [jvm.dll+0x6b3ae]
V  [jvm.dll+0x177628]
V  [jvm.dll+0x14f4f5]
V  [jvm.dll+0x14e66e]
V  [jvm.dll+0x14e9f7]
V  [jvm.dll+0x14eec2]
V  [jvm.dll+0x17efe9]
C  [msvcr100.dll+0x5c6de]  endthreadex+0x3a
C  [msvcr100.dll+0x5c788]  endthreadex+0xe4
C  [kernel32.dll+0x4ed6c]  BaseThreadInitThunk+0x12
C  [ntdll.dll+0x6377b]  RtlInitializeExceptionChain+0xef
C  [ntdll.dll+0x6374e]  RtlInitializeExceptionChain+0xc2

VM_Operation (0x1b7cce50): GenCollectForPermanentAllocation, mode: safepoint, requested by thread 0x19d42000


---------------  P R O C E S S  ---------------

Java Threads: ( => current thread )
  0x19cbf800 JavaThread "Mojarra-WebResourceMonitor-1-thread-1" daemon [_thread_blocked, id=3108, stack(0x1a3c0000,0x1a410000)]
  0x19cbcc00 JavaThread "Timer-3" daemon [_thread_blocked, id=3836, stack(0x19030000,0x19080000)]
  0x194b5c00 JavaThread "JDWP Transport Listener: dt_socket" daemon [_thread_in_native, id=4172, stack(0x19090000,0x190e0000)]
  0x19cbc800 JavaThread "6998576@qtp-15661889-22" [_thread_blocked, id=5612, stack(0x1b9f0000,0x1ba40000)]
  0x19d42000 JavaThread "Timer-2" daemon [_thread_blocked, id=4912, stack(0x1b780000,0x1b7d0000)]
  0x18a57800 JavaThread "311757@qtp-15661889-1 - Acceptor0 SelectChannelConnector@0.0.0.0:8080" [_thread_blocked, id=3884, stack(0x19150000,0x191a0000)]
  0x17fdcc00 JavaThread "Service Thread" daemon [_thread_blocked, id=5436, stack(0x17e80000,0x17ed0000)]
  0x17fd4000 JavaThread "C1 CompilerThread0" daemon [_thread_blocked, id=3048, stack(0x18310000,0x18360000)]
  0x17fcdc00 JavaThread "JDWP Event Helper Thread" daemon [_thread_blocked, id=5972, stack(0x17c80000,0x17cd0000)]
  0x17fa1000 JavaThread "Attach Listener" daemon [_thread_blocked, id=6076, stack(0x18150000,0x181a0000)]
  0x17f9dc00 JavaThread "Signal Dispatcher" daemon [_thread_blocked, id=1724, stack(0x17cd0000,0x17d20000)]
  0x00c9e800 JavaThread "Finalizer" daemon [_thread_blocked, id=3208, stack(0x17ed0000,0x17f20000)]
  0x00c9d000 JavaThread "Reference Handler" daemon [_thread_blocked, id=5272, stack(0x17e00000,0x17e50000)]
  0x00d9b400 JavaThread "main" [_thread_blocked, id=5624, stack(0x00d00000,0x00d50000)]

Other Threads:
=>0x00c97c00 VMThread [stack: 0x01ae0000,0x01b30000] [id=204]
  0x17ff9000 WatcherThread [stack: 0x18250000,0x182a0000] [id=4988]

VM state:at safepoint (normal execution)

VM Mutex/Monitor currently owned by a thread:  ([mutex/lock_event])
[0x00d99210] Threads_lock - owner thread: 0x00c97c00
[0x00d99620] Heap_lock - owner thread: 0x19d42000

Heap
 def new generation   total 78656K, used 58980K [0x03c80000, 0x091d0000, 0x091d0000)
  eden space 69952K,  72% used [0x03c80000, 0x06dfdd38, 0x080d0000)
  from space 8704K,  95% used [0x08950000, 0x0916b3b8, 0x091d0000)
  to   space 8704K,   0% used [0x080d0000, 0x080d0000, 0x08950000)
 tenured generation   total 174784K, used 82105K [0x091d0000, 0x13c80000, 0x13c80000)
   the space 174784K,  46% used [0x091d0000, 0x0e1fe618, 0x0e1fe800, 0x13c80000)
 compacting perm gen  total 47616K, used 47616K [0x13c80000, 0x16b00000, 0x17c80000)
   the space 47616K, 100% used [0x13c80000, 0x16b00000, 0x16b00000, 0x16b00000)
No shared spaces configured.

Card table byte_map: [0x00da0000,0x00e50000] byte_map_base: 0x00d81c00

Polling page: 0x00340000

Code Cache  [0x01c80000, 0x027c0000, 0x03c80000)
 total_blobs=4810 nmethods=4395 adapters=356 free_code_cache=21274Kb largest_free_block=21769856

Compilation events (10 events):
Event: 3270.908 Thread 0x17fd4000   13 %           org.springframework.beans.ExtendedBeanInfo::<init> @ 150 (733 bytes)
Event: 3270.914 Thread 0x17fd4000 nmethod 13% 0x027aafc8 code [0x027ab4a0, 0x027acb58]
Event: 3270.919 Thread 0x17fd4000   14 %           org.springframework.beans.ExtendedBeanInfo::<init> @ 501 (733 bytes)
Event: 3270.926 Thread 0x17fd4000 nmethod 14% 0x027af888 code [0x027afd60, 0x027b1398]
Event: 3270.932 Thread 0x17fd4000 4529   !         org.springframework.beans.ExtendedBeanInfo::addOrUpdatePropertyDescriptor (649 bytes)
Event: 3270.942 Thread 0x17fd4000 nmethod 4529 0x027b3f88 code [0x027b4720, 0x027b74a8]
Event: 3270.942 Thread 0x17fd4000 4530             org.springframework.beans.ExtendedBeanInfo$PropertyDescriptorComparator::compare (78 bytes)
Event: 3270.943 Thread 0x17fd4000 nmethod 4530 0x027bba88 code [0x027bbbc0, 0x027bbda8]
Event: 3271.013 Thread 0x17fd4000 4531             org.springframework.util.StringUtils::changeFirstCharacterCase (73 bytes)
Event: 3271.015 Thread 0x17fd4000 nmethod 4531 0x027bc1c8 code [0x027bc390, 0x027bc8c4]

GC Heap History (10 events):
Event: 3256.855 GC heap after
Heap after GC invocations=129 (full 10):
 def new generation   total 78656K, used 3632K [0x03c80000, 0x091d0000, 0x091d0000)
  eden space 69952K,   0% used [0x03c80000, 0x03c80000, 0x080d0000)
  from space 8704K,  41% used [0x08950000, 0x08cdc358, 0x091d0000)
  to   space 8704K,   0% used [0x080d0000, 0x080d0000, 0x08950000)
 tenured generation   total 174784K, used 152536K [0x091d0000, 0x13c80000, 0x13c80000)
   the space 174784K,  87% used [0x091d0000, 0x126c6348, 0x126c6400, 0x13c80000)
 compacting perm gen  total 37888K, used 37825K [0x13c80000, 0x16180000, 0x17c80000)
   the space 37888K,  99% used [0x13c80000, 0x16170698, 0x16170800, 0x16180000)
No shared spaces configured.
}
Event: 3258.826 GC heap before
{Heap before GC invocations=129 (full 10):
 def new generation   total 78656K, used 61353K [0x03c80000, 0x091d0000, 0x091d0000)
  eden space 69952K,  82% used [0x03c80000, 0x074de440, 0x080d0000)
  from space 8704K,  41% used [0x08950000, 0x08cdc358, 0x091d0000)
  to   space 8704K,   0% used [0x080d0000, 0x080d0000, 0x08950000)
 tenured generation   total 174784K, used 152536K [0x091d0000, 0x13c80000, 0x13c80000)
   the space 174784K,  87% used [0x091d0000, 0x126c6348, 0x126c6400, 0x13c80000)
 compacting perm gen  total 40704K, used 40703K [0x13c80000, 0x16440000, 0x17c80000)
   the space 40704K,  99% used [0x13c80000, 0x1643fff8, 0x16440000, 0x16440000)
No shared spaces configured.
Event: 3262.781 GC heap after
Heap after GC invocations=130 (full 11):
 def new generation   total 78656K, used 0K [0x03c80000, 0x091d0000, 0x091d0000)
  eden space 69952K,   0% used [0x03c80000, 0x03c80000, 0x080d0000)
  from space 8704K,   0% used [0x08950000, 0x08950000, 0x091d0000)
  to   space 8704K,   0% used [0x080d0000, 0x080d0000, 0x08950000)
 tenured generation   total 174784K, used 96382K [0x091d0000, 0x13c80000, 0x13c80000)
   the space 174784K,  55% used [0x091d0000, 0x0efef970, 0x0efefa00, 0x13c80000)
 compacting perm gen  total 40704K, used 40703K [0x13c80000, 0x16440000, 0x17c80000)
   the space 40704K,  99% used [0x13c80000, 0x1643fff8, 0x16440000, 0x16440000)
No shared spaces configured.
}
Event: 3264.617 GC heap before
{Heap before GC invocations=130 (full 11):
 def new generation   total 78656K, used 69952K [0x03c80000, 0x091d0000, 0x091d0000)
  eden space 69952K, 100% used [0x03c80000, 0x080d0000, 0x080d0000)
  from space 8704K,   0% used [0x08950000, 0x08950000, 0x091d0000)
  to   space 8704K,   0% used [0x080d0000, 0x080d0000, 0x08950000)
 tenured generation   total 174784K, used 96382K [0x091d0000, 0x13c80000, 0x13c80000)
   the space 174784K,  55% used [0x091d0000, 0x0efef970, 0x0efefa00, 0x13c80000)
 compacting perm gen  total 42496K, used 42391K [0x13c80000, 0x16600000, 0x17c80000)
   the space 42496K,  99% used [0x13c80000, 0x165e5e10, 0x165e6000, 0x16600000)
No shared spaces configured.
Event: 3264.640 GC heap after
Heap after GC invocations=131 (full 11):
 def new generation   total 78656K, used 3956K [0x03c80000, 0x091d0000, 0x091d0000)
  eden space 69952K,   0% used [0x03c80000, 0x03c80000, 0x080d0000)
  from space 8704K,  45% used [0x080d0000, 0x084ad280, 0x08950000)
  to   space 8704K,   0% used [0x08950000, 0x08950000, 0x091d0000)
 tenured generation   total 174784K, used 96382K [0x091d0000, 0x13c80000, 0x13c80000)
   the space 174784K,  55% used [0x091d0000, 0x0efef970, 0x0efefa00, 0x13c80000)
 compacting perm gen  total 42496K, used 42391K [0x13c80000, 0x16600000, 0x17c80000)
   the space 42496K,  99% used [0x13c80000, 0x165e5e10, 0x165e6000, 0x16600000)
No shared spaces configured.
}
Event: 3266.436 GC heap before
{Heap before GC invocations=131 (full 11):
 def new generation   total 78656K, used 29744K [0x03c80000, 0x091d0000, 0x091d0000)
  eden space 69952K,  36% used [0x03c80000, 0x055aee78, 0x080d0000)
  from space 8704K,  45% used [0x080d0000, 0x084ad280, 0x08950000)
  to   space 8704K,   0% used [0x08950000, 0x08950000, 0x091d0000)
 tenured generation   total 174784K, used 96382K [0x091d0000, 0x13c80000, 0x13c80000)
   the space 174784K,  55% used [0x091d0000, 0x0efef970, 0x0efefa00, 0x13c80000)
 compacting perm gen  total 44800K, used 44799K [0x13c80000, 0x16840000, 0x17c80000)
   the space 44800K,  99% used [0x13c80000, 0x1683fff0, 0x16840000, 0x16840000)
No shared spaces configured.
Event: 3267.286 GC heap after
Heap after GC invocations=132 (full 12):
 def new generation   total 78656K, used 0K [0x03c80000, 0x091d0000, 0x091d0000)
  eden space 69952K,   0% used [0x03c80000, 0x03c80000, 0x080d0000)
  from space 8704K,   0% used [0x080d0000, 0x080d0000, 0x08950000)
  to   space 8704K,   0% used [0x08950000, 0x08950000, 0x091d0000)
 tenured generation   total 174784K, used 82105K [0x091d0000, 0x13c80000, 0x13c80000)
   the space 174784K,  46% used [0x091d0000, 0x0e1fe618, 0x0e1fe800, 0x13c80000)
 compacting perm gen  total 43520K, used 43296K [0x13c80000, 0x16700000, 0x17c80000)
   the space 43520K,  99% used [0x13c80000, 0x166c8158, 0x166c8200, 0x16700000)
No shared spaces configured.
}
Event: 3270.683 GC heap before
{Heap before GC invocations=132 (full 12):
 def new generation   total 78656K, used 69952K [0x03c80000, 0x091d0000, 0x091d0000)
  eden space 69952K, 100% used [0x03c80000, 0x080d0000, 0x080d0000)
  from space 8704K,   0% used [0x080d0000, 0x080d0000, 0x08950000)
  to   space 8704K,   0% used [0x08950000, 0x08950000, 0x091d0000)
 tenured generation   total 174784K, used 82105K [0x091d0000, 0x13c80000, 0x13c80000)
   the space 174784K,  46% used [0x091d0000, 0x0e1fe618, 0x0e1fe800, 0x13c80000)
 compacting perm gen  total 47616K, used 47529K [0x13c80000, 0x16b00000, 0x17c80000)
   the space 47616K,  99% used [0x13c80000, 0x16aea790, 0x16aea800, 0x16b00000)
No shared spaces configured.
Event: 3270.723 GC heap after
Heap after GC invocations=133 (full 12):
 def new generation   total 78656K, used 8300K [0x03c80000, 0x091d0000, 0x091d0000)
  eden space 69952K,   0% used [0x03c80000, 0x03c80000, 0x080d0000)
  from space 8704K,  95% used [0x08950000, 0x0916b3b8, 0x091d0000)
  to   space 8704K,   0% used [0x080d0000, 0x080d0000, 0x08950000)
 tenured generation   total 174784K, used 82105K [0x091d0000, 0x13c80000, 0x13c80000)
   the space 174784K,  46% used [0x091d0000, 0x0e1fe618, 0x0e1fe800, 0x13c80000)
 compacting perm gen  total 47616K, used 47529K [0x13c80000, 0x16b00000, 0x17c80000)
   the space 47616K,  99% used [0x13c80000, 0x16aea790, 0x16aea800, 0x16b00000)
No shared spaces configured.
}
Event: 3271.077 GC heap before
{Heap before GC invocations=133 (full 12):
 def new generation   total 78656K, used 58980K [0x03c80000, 0x091d0000, 0x091d0000)
  eden space 69952K,  72% used [0x03c80000, 0x06dfdd38, 0x080d0000)
  from space 8704K,  95% used [0x08950000, 0x0916b3b8, 0x091d0000)
  to   space 8704K,   0% used [0x080d0000, 0x080d0000, 0x08950000)
 tenured generation   total 174784K, used 82105K [0x091d0000, 0x13c80000, 0x13c80000)
   the space 174784K,  46% used [0x091d0000, 0x0e1fe618, 0x0e1fe800, 0x13c80000)
 compacting perm gen  total 47616K, used 47616K [0x13c80000, 0x16b00000, 0x17c80000)
   the space 47616K, 100% used [0x13c80000, 0x16b00000, 0x16b00000, 0x16b00000)
No shared spaces configured.

Deoptimization events (0 events):
No events

Internal exceptions (10 events):
Event: 3270.873 Thread 0x19d42000 Threw 0x04223bb0 at C:\jdk7u2_32P\jdk7u6\hotspot\src\share\vm\prims\jvm.cpp:1166
Event: 3270.873 Thread 0x19d42000 Threw 0x04226790 at C:\jdk7u2_32P\jdk7u6\hotspot\src\share\vm\prims\jvm.cpp:1166
Event: 3270.873 Thread 0x19d42000 Threw 0x04227008 at C:\jdk7u2_32P\jdk7u6\hotspot\src\share\vm\prims\jvm.cpp:1166
Event: 3270.874 Thread 0x19d42000 Threw 0x04227a50 at C:\jdk7u2_32P\jdk7u6\hotspot\src\share\vm\prims\jvm.cpp:1166
Event: 3270.874 Thread 0x19d42000 Threw 0x04232378 at C:\jdk7u2_32P\jdk7u6\hotspot\src\share\vm\prims\jvm.cpp:1166
Event: 3270.874 Thread 0x19d42000 Threw 0x04233600 at C:\jdk7u2_32P\jdk7u6\hotspot\src\share\vm\prims\jvm.cpp:1166
Event: 3270.875 Thread 0x19d42000 Threw 0x042361e0 at C:\jdk7u2_32P\jdk7u6\hotspot\src\share\vm\prims\jvm.cpp:1166
Event: 3270.875 Thread 0x19d42000 Threw 0x04236a58 at C:\jdk7u2_32P\jdk7u6\hotspot\src\share\vm\prims\jvm.cpp:1166
Event: 3270.875 Thread 0x19d42000 Threw 0x042374a0 at C:\jdk7u2_32P\jdk7u6\hotspot\src\share\vm\prims\jvm.cpp:1166
Event: 3270.875 Thread 0x19d42000 Threw 0x04237b40 at C:\jdk7u2_32P\jdk7u6\hotspot\src\share\vm\classfile\systemDictionary.cpp:179

Events (10 events):
Event: 3271.055 Thread 0x19d42000 DEOPT UNPACKING pc=0x01cacdb9 sp=0x1b7ce378 mode 1
Event: 3271.055 Thread 0x19d42000 DEOPT PACKING pc=0x02469838 sp=0x1b7ce420
Event: 3271.055 Thread 0x19d42000 DEOPT UNPACKING pc=0x01cacdb9 sp=0x1b7ce328 mode 1
Event: 3271.055 Thread 0x19d42000 DEOPT PACKING pc=0x0274fb8c sp=0x1b7ce480
Event: 3271.055 Thread 0x19d42000 DEOPT UNPACKING pc=0x01cacdb9 sp=0x1b7ce378 mode 1
Event: 3271.055 Thread 0x19d42000 DEOPT PACKING pc=0x02469838 sp=0x1b7ce420
Event: 3271.055 Thread 0x19d42000 DEOPT UNPACKING pc=0x01cacdb9 sp=0x1b7ce328 mode 1
Event: 3271.055 Thread 0x19d42000 DEOPT PACKING pc=0x0274fb8c sp=0x1b7ce480
Event: 3271.055 Thread 0x19d42000 DEOPT UNPACKING pc=0x01cacdb9 sp=0x1b7ce378 mode 1
Event: 3271.077 Executing VM operation: GenCollectForPermanentAllocation


Dynamic libraries:
0x00e70000 - 0x00e9f000 	D:\JDK\bin\javaw.exe
0x76fb0000 - 0x770ec000 	C:\Windows\SYSTEM32\ntdll.dll
0x75ca0000 - 0x75d74000 	C:\Windows\system32\kernel32.dll
0x753d0000 - 0x7541a000 	C:\Windows\system32\KERNELBASE.dll
0x75f40000 - 0x75fe0000 	C:\Windows\system32\ADVAPI32.dll
0x75bf0000 - 0x75c9c000 	C:\Windows\system32\msvcrt.dll
0x76220000 - 0x76239000 	C:\Windows\SYSTEM32\sechost.dll
0x75630000 - 0x756d1000 	C:\Windows\system32\RPCRT4.dll
0x75b20000 - 0x75be9000 	C:\Windows\system32\USER32.dll
0x75dd0000 - 0x75e1e000 	C:\Windows\system32\GDI32.dll
0x77190000 - 0x7719a000 	C:\Windows\system32\LPK.dll
0x770f0000 - 0x7718d000 	C:\Windows\system32\USP10.dll
0x74120000 - 0x742be000 	C:\Windows\WinSxS\x86_microsoft.windows.common-controls_6595b64144ccf1df_6.0.7601.17514_none_41e6975e2bd6f2b2\COMCTL32.dll
0x75fe0000 - 0x76037000 	C:\Windows\system32\SHLWAPI.dll
0x76040000 - 0x7605f000 	C:\Windows\system32\IMM32.DLL
0x75560000 - 0x7562c000 	C:\Windows\system32\MSCTF.dll
0x69cc0000 - 0x69d7e000 	D:\JDK\jre\bin\msvcr100.dll
0x60730000 - 0x60a7c000 	D:\JDK\jre\bin\client\jvm.dll
0x717b0000 - 0x717b7000 	C:\Windows\system32\WSOCK32.dll
0x75770000 - 0x757a5000 	C:\Windows\system32\WS2_32.dll
0x756e0000 - 0x756e6000 	C:\Windows\system32\NSI.dll
0x72dc0000 - 0x72df2000 	C:\Windows\system32\WINMM.dll
0x771d0000 - 0x771d5000 	C:\Windows\system32\PSAPI.DLL
0x75070000 - 0x750bc000 	C:\Windows\system32\apphelp.dll
0x745c0000 - 0x745cc000 	D:\JDK\jre\bin\verify.dll
0x6be50000 - 0x6be70000 	D:\JDK\jre\bin\java.dll
0x6b680000 - 0x6b6aa000 	D:\JDK\jre\bin\jdwp.dll
0x6e3f0000 - 0x6e410000 	D:\JDK\jre\bin\instrument.dll
0x6e360000 - 0x6e367000 	D:\JDK\jre\bin\npt.dll
0x6b570000 - 0x6b583000 	D:\JDK\jre\bin\zip.dll
0x70540000 - 0x70548000 	D:\JDK\jre\bin\dt_socket.dll
0x74bb0000 - 0x74bec000 	C:\Windows\system32\mswsock.dll
0x74650000 - 0x74655000 	C:\Windows\System32\wshtcpip.dll
0x6b380000 - 0x6b394000 	D:\JDK\jre\bin\net.dll
0x74ba0000 - 0x74ba6000 	C:\Windows\System32\wship6.dll
0x745b0000 - 0x745bf000 	D:\JDK\jre\bin\nio.dll
0x74bf0000 - 0x74c06000 	C:\Windows\system32\CRYPTSP.dll
0x74990000 - 0x749cb000 	C:\Windows\system32\rsaenh.dll
0x747a0000 - 0x747b7000 	C:\Windows\system32\USERENV.dll
0x75140000 - 0x7514b000 	C:\Windows\system32\profapi.dll
0x750c0000 - 0x750cc000 	C:\Windows\system32\CRYPTBASE.dll
0x734e0000 - 0x734f0000 	C:\Windows\system32\NLAapi.dll
0x73b00000 - 0x73b10000 	C:\Windows\system32\napinsp.dll
0x73880000 - 0x73892000 	C:\Windows\system32\pnrpnsp.dll
0x74a70000 - 0x74ab4000 	C:\Windows\system32\DNSAPI.dll
0x73780000 - 0x73788000 	C:\Windows\System32\winrnr.dll
0x73270000 - 0x7328c000 	C:\Windows\system32\IPHLPAPI.DLL
0x73260000 - 0x73267000 	C:\Windows\system32\WINNSI.DLL
0x6e7d0000 - 0x6e7d6000 	C:\Windows\system32\rasadhlp.dll
0x73140000 - 0x73178000 	C:\Windows\System32\fwpuclnt.dll
0x6f1e0000 - 0x6f1ea000 	D:\JDK\jre\bin\management.dll
0x6f420000 - 0x6f50b000 	C:\Windows\system32\dbghelp.dll

VM Arguments:
jvm_args: -Dmaven.home=EMBEDDED -Dclassworlds.conf=D:\eclipse\eclipse-4.2\workspace\.metadata\.plugins\org.eclipse.m2e.core\launches\m2conf460937014011130966.tmp -javaagent:E:/.m2/repository/org/springframework/spring-instrument/3.1.2.RELEASE/spring-instrument-3.1.2.RELEASE.jar -Xdebug -Xnoagent -Djava.compiler=NONE -Xrunjdwp:transport=dt_socket,address=4000,server=y,suspend=n -Dfile.encoding=UTF-8 
java_command: org.codehaus.plexus.classworlds.launcher.Launcher -B -s E:\.m2\repository\settings.xml jetty:run
Launcher Type: SUN_STANDARD

Environment Variables:
JAVA_HOME=D:\JDK
CLASSPATH=.
PATH=D:/JDK/bin/../jre/bin/client;D:/JDK/bin/../jre/bin;D:/JDK/bin/../jre/lib/i386;C:\Program Files\NVIDIA Corporation\PhysX\Common;D:\JDK\bin;C:\Windows\system32;C:\Windows;C:\Windows\System32\Wbem;C:\Windows\System32\WindowsPowerShell\v1.0\;C:\Program Files\Common Files\Thunder Network\KanKan\Codecs;C:\Windows\WebCallCtrl;D:\eclipse\eclipse-4.2;
USERNAME=Triple-Z
OS=Windows_NT
PROCESSOR_IDENTIFIER=x86 Family 15 Model 107 Stepping 1, AuthenticAMD



---------------  S Y S T E M  ---------------

OS: Windows 7 Build 7601 Service Pack 1

CPU:total 2 (2 cores per cpu, 1 threads per core) family 15 model 107 stepping 1, cmov, cx8, fxsr, mmx, sse, sse2, sse3, mmxext, 3dnowpref, tsc

Memory: 4k page, physical 2096492k(95792k free), swap 4192984k(1023276k free)

vm_info: Java HotSpot(TM) Client VM (23.2-b09) for windows-x86 JRE (1.7.0_06-b24), built on Aug  9 2012 23:02:07 by "java_re" with unknown MS VC++:1600

time: Fri Sep 21 00:25:07 2012
elapsed time: 3271 seconds

